<?xml version="1.0" encoding="UTF-8"?>
<testsuite xmlns:xsi="http://www.w3.org/2001/XMLSchema-instance" xsi:noNamespaceSchemaLocation="https://maven.apache.org/surefire/maven-surefire-plugin/xsd/surefire-test-report-3.0.xsd" version="3.0" name="com.compressibleflowcalculator.PostgresTest" time="4.15" tests="1" errors="1" skipped="0" failures="0">
  <properties>
    <property name="java.specification.version" value="20"/>
    <property name="sun.jnu.encoding" value="UTF-8"/>
    <property name="java.class.path" value="/home/pranosaurus/projects/Spring_CI_CD_Pipeline/api-test-monolith/target/test-classes:/home/pranosaurus/projects/Spring_CI_CD_Pipeline/api-test-monolith/target/classes:/home/pranosaurus/.m2/repository/junit/junit/4.11/junit-4.11.jar:/home/pranosaurus/.m2/repository/org/hamcrest/hamcrest-core/1.3/hamcrest-core-1.3.jar:/home/pranosaurus/.m2/repository/org/springframework/boot/spring-boot-starter-web/3.2.1/spring-boot-starter-web-3.2.1.jar:/home/pranosaurus/.m2/repository/org/springframework/boot/spring-boot-starter/3.2.1/spring-boot-starter-3.2.1.jar:/home/pranosaurus/.m2/repository/org/springframework/boot/spring-boot-autoconfigure/3.2.1/spring-boot-autoconfigure-3.2.1.jar:/home/pranosaurus/.m2/repository/org/springframework/boot/spring-boot-starter-logging/3.2.1/spring-boot-starter-logging-3.2.1.jar:/home/pranosaurus/.m2/repository/ch/qos/logback/logback-classic/1.4.14/logback-classic-1.4.14.jar:/home/pranosaurus/.m2/repository/ch/qos/logback/logback-core/1.4.14/logback-core-1.4.14.jar:/home/pranosaurus/.m2/repository/org/apache/logging/log4j/log4j-to-slf4j/2.21.1/log4j-to-slf4j-2.21.1.jar:/home/pranosaurus/.m2/repository/org/apache/logging/log4j/log4j-api/2.21.1/log4j-api-2.21.1.jar:/home/pranosaurus/.m2/repository/org/slf4j/jul-to-slf4j/2.0.9/jul-to-slf4j-2.0.9.jar:/home/pranosaurus/.m2/repository/jakarta/annotation/jakarta.annotation-api/2.1.1/jakarta.annotation-api-2.1.1.jar:/home/pranosaurus/.m2/repository/org/yaml/snakeyaml/2.2/snakeyaml-2.2.jar:/home/pranosaurus/.m2/repository/org/springframework/boot/spring-boot-starter-json/3.2.1/spring-boot-starter-json-3.2.1.jar:/home/pranosaurus/.m2/repository/com/fasterxml/jackson/core/jackson-databind/2.15.3/jackson-databind-2.15.3.jar:/home/pranosaurus/.m2/repository/com/fasterxml/jackson/core/jackson-annotations/2.15.3/jackson-annotations-2.15.3.jar:/home/pranosaurus/.m2/repository/com/fasterxml/jackson/core/jackson-core/2.15.3/jackson-core-2.15.3.jar:/home/pranosaurus/.m2/repository/com/fasterxml/jackson/datatype/jackson-datatype-jdk8/2.15.3/jackson-datatype-jdk8-2.15.3.jar:/home/pranosaurus/.m2/repository/com/fasterxml/jackson/datatype/jackson-datatype-jsr310/2.15.3/jackson-datatype-jsr310-2.15.3.jar:/home/pranosaurus/.m2/repository/com/fasterxml/jackson/module/jackson-module-parameter-names/2.15.3/jackson-module-parameter-names-2.15.3.jar:/home/pranosaurus/.m2/repository/org/springframework/boot/spring-boot-starter-tomcat/3.2.1/spring-boot-starter-tomcat-3.2.1.jar:/home/pranosaurus/.m2/repository/org/apache/tomcat/embed/tomcat-embed-core/10.1.17/tomcat-embed-core-10.1.17.jar:/home/pranosaurus/.m2/repository/org/apache/tomcat/embed/tomcat-embed-el/10.1.17/tomcat-embed-el-10.1.17.jar:/home/pranosaurus/.m2/repository/org/apache/tomcat/embed/tomcat-embed-websocket/10.1.17/tomcat-embed-websocket-10.1.17.jar:/home/pranosaurus/.m2/repository/org/springframework/spring-web/6.1.2/spring-web-6.1.2.jar:/home/pranosaurus/.m2/repository/org/springframework/spring-beans/6.1.2/spring-beans-6.1.2.jar:/home/pranosaurus/.m2/repository/org/springframework/spring-webmvc/6.1.2/spring-webmvc-6.1.2.jar:/home/pranosaurus/.m2/repository/org/springframework/spring-expression/6.1.2/spring-expression-6.1.2.jar:/home/pranosaurus/.m2/repository/org/springframework/boot/spring-boot-starter-data-jpa/3.2.1/spring-boot-starter-data-jpa-3.2.1.jar:/home/pranosaurus/.m2/repository/org/springframework/boot/spring-boot-starter-aop/3.2.1/spring-boot-starter-aop-3.2.1.jar:/home/pranosaurus/.m2/repository/org/aspectj/aspectjweaver/1.9.21/aspectjweaver-1.9.21.jar:/home/pranosaurus/.m2/repository/org/springframework/boot/spring-boot-starter-jdbc/3.2.1/spring-boot-starter-jdbc-3.2.1.jar:/home/pranosaurus/.m2/repository/com/zaxxer/HikariCP/5.0.1/HikariCP-5.0.1.jar:/home/pranosaurus/.m2/repository/org/springframework/spring-jdbc/6.1.2/spring-jdbc-6.1.2.jar:/home/pranosaurus/.m2/repository/org/hibernate/orm/hibernate-core/6.4.1.Final/hibernate-core-6.4.1.Final.jar:/home/pranosaurus/.m2/repository/jakarta/persistence/jakarta.persistence-api/3.1.0/jakarta.persistence-api-3.1.0.jar:/home/pranosaurus/.m2/repository/jakarta/transaction/jakarta.transaction-api/2.0.1/jakarta.transaction-api-2.0.1.jar:/home/pranosaurus/.m2/repository/org/jboss/logging/jboss-logging/3.5.0.Final/jboss-logging-3.5.0.Final.jar:/home/pranosaurus/.m2/repository/org/hibernate/common/hibernate-commons-annotations/6.0.6.Final/hibernate-commons-annotations-6.0.6.Final.jar:/home/pranosaurus/.m2/repository/io/smallrye/jandex/3.1.2/jandex-3.1.2.jar:/home/pranosaurus/.m2/repository/com/fasterxml/classmate/1.5.1/classmate-1.5.1.jar:/home/pranosaurus/.m2/repository/net/bytebuddy/byte-buddy/1.14.7/byte-buddy-1.14.7.jar:/home/pranosaurus/.m2/repository/jakarta/xml/bind/jakarta.xml.bind-api/4.0.0/jakarta.xml.bind-api-4.0.0.jar:/home/pranosaurus/.m2/repository/jakarta/activation/jakarta.activation-api/2.1.0/jakarta.activation-api-2.1.0.jar:/home/pranosaurus/.m2/repository/org/glassfish/jaxb/jaxb-runtime/4.0.2/jaxb-runtime-4.0.2.jar:/home/pranosaurus/.m2/repository/org/glassfish/jaxb/jaxb-core/4.0.2/jaxb-core-4.0.2.jar:/home/pranosaurus/.m2/repository/org/eclipse/angus/angus-activation/2.0.0/angus-activation-2.0.0.jar:/home/pranosaurus/.m2/repository/org/glassfish/jaxb/txw2/4.0.2/txw2-4.0.2.jar:/home/pranosaurus/.m2/repository/com/sun/istack/istack-commons-runtime/4.1.1/istack-commons-runtime-4.1.1.jar:/home/pranosaurus/.m2/repository/jakarta/inject/jakarta.inject-api/2.0.1/jakarta.inject-api-2.0.1.jar:/home/pranosaurus/.m2/repository/org/antlr/antlr4-runtime/4.13.0/antlr4-runtime-4.13.0.jar:/home/pranosaurus/.m2/repository/org/springframework/data/spring-data-jpa/3.2.1/spring-data-jpa-3.2.1.jar:/home/pranosaurus/.m2/repository/org/springframework/data/spring-data-commons/3.2.1/spring-data-commons-3.2.1.jar:/home/pranosaurus/.m2/repository/org/springframework/spring-orm/6.1.2/spring-orm-6.1.2.jar:/home/pranosaurus/.m2/repository/org/slf4j/slf4j-api/2.0.2/slf4j-api-2.0.2.jar:/home/pranosaurus/.m2/repository/org/springframework/spring-aspects/6.1.2/spring-aspects-6.1.2.jar:/home/pranosaurus/.m2/repository/org/springframework/boot/spring-boot-starter-oauth2-resource-server/3.2.1/spring-boot-starter-oauth2-resource-server-3.2.1.jar:/home/pranosaurus/.m2/repository/org/springframework/security/spring-security-config/6.2.1/spring-security-config-6.2.1.jar:/home/pranosaurus/.m2/repository/org/springframework/security/spring-security-core/6.2.1/spring-security-core-6.2.1.jar:/home/pranosaurus/.m2/repository/org/springframework/security/spring-security-crypto/6.2.1/spring-security-crypto-6.2.1.jar:/home/pranosaurus/.m2/repository/org/springframework/security/spring-security-oauth2-resource-server/6.2.1/spring-security-oauth2-resource-server-6.2.1.jar:/home/pranosaurus/.m2/repository/org/springframework/security/spring-security-oauth2-core/6.2.1/spring-security-oauth2-core-6.2.1.jar:/home/pranosaurus/.m2/repository/org/springframework/security/spring-security-oauth2-jose/6.2.1/spring-security-oauth2-jose-6.2.1.jar:/home/pranosaurus/.m2/repository/com/nimbusds/nimbus-jose-jwt/9.24.4/nimbus-jose-jwt-9.24.4.jar:/home/pranosaurus/.m2/repository/com/github/stephenc/jcip/jcip-annotations/1.0-1/jcip-annotations-1.0-1.jar:/home/pranosaurus/.m2/repository/org/postgresql/postgresql/42.7.1/postgresql-42.7.1.jar:/home/pranosaurus/.m2/repository/org/checkerframework/checker-qual/3.41.0/checker-qual-3.41.0.jar:/home/pranosaurus/.m2/repository/org/springframework/boot/spring-boot-starter-cache/2.4.3/spring-boot-starter-cache-2.4.3.jar:/home/pranosaurus/.m2/repository/org/springframework/spring-context-support/5.3.4/spring-context-support-5.3.4.jar:/home/pranosaurus/.m2/repository/org/springframework/boot/spring-boot-starter-data-redis/2.4.3/spring-boot-starter-data-redis-2.4.3.jar:/home/pranosaurus/.m2/repository/org/springframework/data/spring-data-redis/2.4.5/spring-data-redis-2.4.5.jar:/home/pranosaurus/.m2/repository/org/springframework/data/spring-data-keyvalue/2.4.5/spring-data-keyvalue-2.4.5.jar:/home/pranosaurus/.m2/repository/org/springframework/spring-oxm/5.3.4/spring-oxm-5.3.4.jar:/home/pranosaurus/.m2/repository/io/lettuce/lettuce-core/6.0.2.RELEASE/lettuce-core-6.0.2.RELEASE.jar:/home/pranosaurus/.m2/repository/io/netty/netty-common/4.1.56.Final/netty-common-4.1.56.Final.jar:/home/pranosaurus/.m2/repository/io/netty/netty-handler/4.1.56.Final/netty-handler-4.1.56.Final.jar:/home/pranosaurus/.m2/repository/io/netty/netty-resolver/4.1.56.Final/netty-resolver-4.1.56.Final.jar:/home/pranosaurus/.m2/repository/io/netty/netty-buffer/4.1.56.Final/netty-buffer-4.1.56.Final.jar:/home/pranosaurus/.m2/repository/io/netty/netty-codec/4.1.56.Final/netty-codec-4.1.56.Final.jar:/home/pranosaurus/.m2/repository/io/netty/netty-transport/4.1.56.Final/netty-transport-4.1.56.Final.jar:/home/pranosaurus/.m2/repository/io/projectreactor/reactor-core/3.3.13.RELEASE/reactor-core-3.3.13.RELEASE.jar:/home/pranosaurus/.m2/repository/org/reactivestreams/reactive-streams/1.0.3/reactive-streams-1.0.3.jar:/home/pranosaurus/.m2/repository/org/springframework/kafka/spring-kafka/3.1.1/spring-kafka-3.1.1.jar:/home/pranosaurus/.m2/repository/org/springframework/spring-context/6.1.2/spring-context-6.1.2.jar:/home/pranosaurus/.m2/repository/org/springframework/spring-messaging/6.1.2/spring-messaging-6.1.2.jar:/home/pranosaurus/.m2/repository/org/springframework/spring-tx/6.1.2/spring-tx-6.1.2.jar:/home/pranosaurus/.m2/repository/org/springframework/retry/spring-retry/2.0.5/spring-retry-2.0.5.jar:/home/pranosaurus/.m2/repository/org/apache/kafka/kafka-clients/3.6.1/kafka-clients-3.6.1.jar:/home/pranosaurus/.m2/repository/com/github/luben/zstd-jni/1.5.5-1/zstd-jni-1.5.5-1.jar:/home/pranosaurus/.m2/repository/org/lz4/lz4-java/1.8.0/lz4-java-1.8.0.jar:/home/pranosaurus/.m2/repository/org/xerial/snappy/snappy-java/1.1.10.5/snappy-java-1.1.10.5.jar:/home/pranosaurus/.m2/repository/io/micrometer/micrometer-observation/1.12.1/micrometer-observation-1.12.1.jar:/home/pranosaurus/.m2/repository/io/micrometer/micrometer-commons/1.12.1/micrometer-commons-1.12.1.jar:/home/pranosaurus/.m2/repository/com/google/code/findbugs/jsr305/3.0.2/jsr305-3.0.2.jar:/home/pranosaurus/.m2/repository/org/springframework/boot/spring-boot-starter-security/3.2.1/spring-boot-starter-security-3.2.1.jar:/home/pranosaurus/.m2/repository/org/springframework/spring-aop/6.1.2/spring-aop-6.1.2.jar:/home/pranosaurus/.m2/repository/org/springframework/security/spring-security-web/6.2.1/spring-security-web-6.2.1.jar:/home/pranosaurus/.m2/repository/io/rest-assured/rest-assured/4.3.3/rest-assured-4.3.3.jar:/home/pranosaurus/.m2/repository/org/codehaus/groovy/groovy/3.0.7/groovy-3.0.7.jar:/home/pranosaurus/.m2/repository/org/codehaus/groovy/groovy-xml/3.0.7/groovy-xml-3.0.7.jar:/home/pranosaurus/.m2/repository/org/apache/httpcomponents/httpclient/4.5.3/httpclient-4.5.3.jar:/home/pranosaurus/.m2/repository/org/apache/httpcomponents/httpcore/4.4.6/httpcore-4.4.6.jar:/home/pranosaurus/.m2/repository/commons-logging/commons-logging/1.2/commons-logging-1.2.jar:/home/pranosaurus/.m2/repository/commons-codec/commons-codec/1.9/commons-codec-1.9.jar:/home/pranosaurus/.m2/repository/org/apache/httpcomponents/httpmime/4.5.3/httpmime-4.5.3.jar:/home/pranosaurus/.m2/repository/org/hamcrest/hamcrest/2.1/hamcrest-2.1.jar:/home/pranosaurus/.m2/repository/org/ccil/cowan/tagsoup/tagsoup/1.2.1/tagsoup-1.2.1.jar:/home/pranosaurus/.m2/repository/io/rest-assured/json-path/4.3.3/json-path-4.3.3.jar:/home/pranosaurus/.m2/repository/org/codehaus/groovy/groovy-json/3.0.7/groovy-json-3.0.7.jar:/home/pranosaurus/.m2/repository/io/rest-assured/rest-assured-common/4.3.3/rest-assured-common-4.3.3.jar:/home/pranosaurus/.m2/repository/io/rest-assured/xml-path/4.3.3/xml-path-4.3.3.jar:/home/pranosaurus/.m2/repository/org/apache/commons/commons-lang3/3.11/commons-lang3-3.11.jar:/home/pranosaurus/.m2/repository/com/sun/xml/bind/jaxb-impl/2.3.3/jaxb-impl-2.3.3.jar:/home/pranosaurus/.m2/repository/org/testcontainers/postgresql/1.19.3/postgresql-1.19.3.jar:/home/pranosaurus/.m2/repository/org/testcontainers/jdbc/1.19.3/jdbc-1.19.3.jar:/home/pranosaurus/.m2/repository/org/testcontainers/database-commons/1.19.3/database-commons-1.19.3.jar:/home/pranosaurus/.m2/repository/org/testcontainers/junit-jupiter/1.19.3/junit-jupiter-1.19.3.jar:/home/pranosaurus/.m2/repository/org/testcontainers/testcontainers/1.19.3/testcontainers-1.19.3.jar:/home/pranosaurus/.m2/repository/org/apache/commons/commons-compress/1.24.0/commons-compress-1.24.0.jar:/home/pranosaurus/.m2/repository/org/rnorth/duct-tape/duct-tape/1.0.8/duct-tape-1.0.8.jar:/home/pranosaurus/.m2/repository/org/jetbrains/annotations/17.0.0/annotations-17.0.0.jar:/home/pranosaurus/.m2/repository/com/github/docker-java/docker-java-api/3.3.4/docker-java-api-3.3.4.jar:/home/pranosaurus/.m2/repository/com/github/docker-java/docker-java-transport-zerodep/3.3.4/docker-java-transport-zerodep-3.3.4.jar:/home/pranosaurus/.m2/repository/com/github/docker-java/docker-java-transport/3.3.4/docker-java-transport-3.3.4.jar:/home/pranosaurus/.m2/repository/net/java/dev/jna/jna/5.13.0/jna-5.13.0.jar:/home/pranosaurus/.m2/repository/org/springframework/boot/spring-boot-test/3.2.1/spring-boot-test-3.2.1.jar:/home/pranosaurus/.m2/repository/org/springframework/boot/spring-boot/3.2.1/spring-boot-3.2.1.jar:/home/pranosaurus/.m2/repository/org/springframework/security/spring-security-test/6.2.1/spring-security-test-6.2.1.jar:/home/pranosaurus/.m2/repository/org/springframework/spring-core/6.1.2/spring-core-6.1.2.jar:/home/pranosaurus/.m2/repository/org/springframework/spring-jcl/6.1.2/spring-jcl-6.1.2.jar:/home/pranosaurus/.m2/repository/org/springframework/spring-test/6.1.2/spring-test-6.1.2.jar:"/>
    <property name="java.vm.vendor" value="Oracle Corporation"/>
    <property name="sun.arch.data.model" value="64"/>
    <property name="java.vendor.url" value="https://java.oracle.com/"/>
    <property name="os.name" value="Linux"/>
    <property name="java.vm.specification.version" value="20"/>
    <property name="sun.java.launcher" value="SUN_STANDARD"/>
    <property name="sun.boot.library.path" value="/usr/lib/jvm/jdk-20/lib"/>
    <property name="sun.java.command" value="/home/pranosaurus/projects/Spring_CI_CD_Pipeline/api-test-monolith/target/surefire/surefirebooter-20240105211154072_3.jar /home/pranosaurus/projects/Spring_CI_CD_Pipeline/api-test-monolith/target/surefire 2024-01-05T21-11-53_918-jvmRun1 surefire-20240105211154072_1tmp surefire_0-20240105211154072_2tmp"/>
    <property name="jdk.debug" value="release"/>
    <property name="surefire.test.class.path" value="/home/pranosaurus/projects/Spring_CI_CD_Pipeline/api-test-monolith/target/test-classes:/home/pranosaurus/projects/Spring_CI_CD_Pipeline/api-test-monolith/target/classes:/home/pranosaurus/.m2/repository/junit/junit/4.11/junit-4.11.jar:/home/pranosaurus/.m2/repository/org/hamcrest/hamcrest-core/1.3/hamcrest-core-1.3.jar:/home/pranosaurus/.m2/repository/org/springframework/boot/spring-boot-starter-web/3.2.1/spring-boot-starter-web-3.2.1.jar:/home/pranosaurus/.m2/repository/org/springframework/boot/spring-boot-starter/3.2.1/spring-boot-starter-3.2.1.jar:/home/pranosaurus/.m2/repository/org/springframework/boot/spring-boot-autoconfigure/3.2.1/spring-boot-autoconfigure-3.2.1.jar:/home/pranosaurus/.m2/repository/org/springframework/boot/spring-boot-starter-logging/3.2.1/spring-boot-starter-logging-3.2.1.jar:/home/pranosaurus/.m2/repository/ch/qos/logback/logback-classic/1.4.14/logback-classic-1.4.14.jar:/home/pranosaurus/.m2/repository/ch/qos/logback/logback-core/1.4.14/logback-core-1.4.14.jar:/home/pranosaurus/.m2/repository/org/apache/logging/log4j/log4j-to-slf4j/2.21.1/log4j-to-slf4j-2.21.1.jar:/home/pranosaurus/.m2/repository/org/apache/logging/log4j/log4j-api/2.21.1/log4j-api-2.21.1.jar:/home/pranosaurus/.m2/repository/org/slf4j/jul-to-slf4j/2.0.9/jul-to-slf4j-2.0.9.jar:/home/pranosaurus/.m2/repository/jakarta/annotation/jakarta.annotation-api/2.1.1/jakarta.annotation-api-2.1.1.jar:/home/pranosaurus/.m2/repository/org/yaml/snakeyaml/2.2/snakeyaml-2.2.jar:/home/pranosaurus/.m2/repository/org/springframework/boot/spring-boot-starter-json/3.2.1/spring-boot-starter-json-3.2.1.jar:/home/pranosaurus/.m2/repository/com/fasterxml/jackson/core/jackson-databind/2.15.3/jackson-databind-2.15.3.jar:/home/pranosaurus/.m2/repository/com/fasterxml/jackson/core/jackson-annotations/2.15.3/jackson-annotations-2.15.3.jar:/home/pranosaurus/.m2/repository/com/fasterxml/jackson/core/jackson-core/2.15.3/jackson-core-2.15.3.jar:/home/pranosaurus/.m2/repository/com/fasterxml/jackson/datatype/jackson-datatype-jdk8/2.15.3/jackson-datatype-jdk8-2.15.3.jar:/home/pranosaurus/.m2/repository/com/fasterxml/jackson/datatype/jackson-datatype-jsr310/2.15.3/jackson-datatype-jsr310-2.15.3.jar:/home/pranosaurus/.m2/repository/com/fasterxml/jackson/module/jackson-module-parameter-names/2.15.3/jackson-module-parameter-names-2.15.3.jar:/home/pranosaurus/.m2/repository/org/springframework/boot/spring-boot-starter-tomcat/3.2.1/spring-boot-starter-tomcat-3.2.1.jar:/home/pranosaurus/.m2/repository/org/apache/tomcat/embed/tomcat-embed-core/10.1.17/tomcat-embed-core-10.1.17.jar:/home/pranosaurus/.m2/repository/org/apache/tomcat/embed/tomcat-embed-el/10.1.17/tomcat-embed-el-10.1.17.jar:/home/pranosaurus/.m2/repository/org/apache/tomcat/embed/tomcat-embed-websocket/10.1.17/tomcat-embed-websocket-10.1.17.jar:/home/pranosaurus/.m2/repository/org/springframework/spring-web/6.1.2/spring-web-6.1.2.jar:/home/pranosaurus/.m2/repository/org/springframework/spring-beans/6.1.2/spring-beans-6.1.2.jar:/home/pranosaurus/.m2/repository/org/springframework/spring-webmvc/6.1.2/spring-webmvc-6.1.2.jar:/home/pranosaurus/.m2/repository/org/springframework/spring-expression/6.1.2/spring-expression-6.1.2.jar:/home/pranosaurus/.m2/repository/org/springframework/boot/spring-boot-starter-data-jpa/3.2.1/spring-boot-starter-data-jpa-3.2.1.jar:/home/pranosaurus/.m2/repository/org/springframework/boot/spring-boot-starter-aop/3.2.1/spring-boot-starter-aop-3.2.1.jar:/home/pranosaurus/.m2/repository/org/aspectj/aspectjweaver/1.9.21/aspectjweaver-1.9.21.jar:/home/pranosaurus/.m2/repository/org/springframework/boot/spring-boot-starter-jdbc/3.2.1/spring-boot-starter-jdbc-3.2.1.jar:/home/pranosaurus/.m2/repository/com/zaxxer/HikariCP/5.0.1/HikariCP-5.0.1.jar:/home/pranosaurus/.m2/repository/org/springframework/spring-jdbc/6.1.2/spring-jdbc-6.1.2.jar:/home/pranosaurus/.m2/repository/org/hibernate/orm/hibernate-core/6.4.1.Final/hibernate-core-6.4.1.Final.jar:/home/pranosaurus/.m2/repository/jakarta/persistence/jakarta.persistence-api/3.1.0/jakarta.persistence-api-3.1.0.jar:/home/pranosaurus/.m2/repository/jakarta/transaction/jakarta.transaction-api/2.0.1/jakarta.transaction-api-2.0.1.jar:/home/pranosaurus/.m2/repository/org/jboss/logging/jboss-logging/3.5.0.Final/jboss-logging-3.5.0.Final.jar:/home/pranosaurus/.m2/repository/org/hibernate/common/hibernate-commons-annotations/6.0.6.Final/hibernate-commons-annotations-6.0.6.Final.jar:/home/pranosaurus/.m2/repository/io/smallrye/jandex/3.1.2/jandex-3.1.2.jar:/home/pranosaurus/.m2/repository/com/fasterxml/classmate/1.5.1/classmate-1.5.1.jar:/home/pranosaurus/.m2/repository/net/bytebuddy/byte-buddy/1.14.7/byte-buddy-1.14.7.jar:/home/pranosaurus/.m2/repository/jakarta/xml/bind/jakarta.xml.bind-api/4.0.0/jakarta.xml.bind-api-4.0.0.jar:/home/pranosaurus/.m2/repository/jakarta/activation/jakarta.activation-api/2.1.0/jakarta.activation-api-2.1.0.jar:/home/pranosaurus/.m2/repository/org/glassfish/jaxb/jaxb-runtime/4.0.2/jaxb-runtime-4.0.2.jar:/home/pranosaurus/.m2/repository/org/glassfish/jaxb/jaxb-core/4.0.2/jaxb-core-4.0.2.jar:/home/pranosaurus/.m2/repository/org/eclipse/angus/angus-activation/2.0.0/angus-activation-2.0.0.jar:/home/pranosaurus/.m2/repository/org/glassfish/jaxb/txw2/4.0.2/txw2-4.0.2.jar:/home/pranosaurus/.m2/repository/com/sun/istack/istack-commons-runtime/4.1.1/istack-commons-runtime-4.1.1.jar:/home/pranosaurus/.m2/repository/jakarta/inject/jakarta.inject-api/2.0.1/jakarta.inject-api-2.0.1.jar:/home/pranosaurus/.m2/repository/org/antlr/antlr4-runtime/4.13.0/antlr4-runtime-4.13.0.jar:/home/pranosaurus/.m2/repository/org/springframework/data/spring-data-jpa/3.2.1/spring-data-jpa-3.2.1.jar:/home/pranosaurus/.m2/repository/org/springframework/data/spring-data-commons/3.2.1/spring-data-commons-3.2.1.jar:/home/pranosaurus/.m2/repository/org/springframework/spring-orm/6.1.2/spring-orm-6.1.2.jar:/home/pranosaurus/.m2/repository/org/slf4j/slf4j-api/2.0.2/slf4j-api-2.0.2.jar:/home/pranosaurus/.m2/repository/org/springframework/spring-aspects/6.1.2/spring-aspects-6.1.2.jar:/home/pranosaurus/.m2/repository/org/springframework/boot/spring-boot-starter-oauth2-resource-server/3.2.1/spring-boot-starter-oauth2-resource-server-3.2.1.jar:/home/pranosaurus/.m2/repository/org/springframework/security/spring-security-config/6.2.1/spring-security-config-6.2.1.jar:/home/pranosaurus/.m2/repository/org/springframework/security/spring-security-core/6.2.1/spring-security-core-6.2.1.jar:/home/pranosaurus/.m2/repository/org/springframework/security/spring-security-crypto/6.2.1/spring-security-crypto-6.2.1.jar:/home/pranosaurus/.m2/repository/org/springframework/security/spring-security-oauth2-resource-server/6.2.1/spring-security-oauth2-resource-server-6.2.1.jar:/home/pranosaurus/.m2/repository/org/springframework/security/spring-security-oauth2-core/6.2.1/spring-security-oauth2-core-6.2.1.jar:/home/pranosaurus/.m2/repository/org/springframework/security/spring-security-oauth2-jose/6.2.1/spring-security-oauth2-jose-6.2.1.jar:/home/pranosaurus/.m2/repository/com/nimbusds/nimbus-jose-jwt/9.24.4/nimbus-jose-jwt-9.24.4.jar:/home/pranosaurus/.m2/repository/com/github/stephenc/jcip/jcip-annotations/1.0-1/jcip-annotations-1.0-1.jar:/home/pranosaurus/.m2/repository/org/postgresql/postgresql/42.7.1/postgresql-42.7.1.jar:/home/pranosaurus/.m2/repository/org/checkerframework/checker-qual/3.41.0/checker-qual-3.41.0.jar:/home/pranosaurus/.m2/repository/org/springframework/boot/spring-boot-starter-cache/2.4.3/spring-boot-starter-cache-2.4.3.jar:/home/pranosaurus/.m2/repository/org/springframework/spring-context-support/5.3.4/spring-context-support-5.3.4.jar:/home/pranosaurus/.m2/repository/org/springframework/boot/spring-boot-starter-data-redis/2.4.3/spring-boot-starter-data-redis-2.4.3.jar:/home/pranosaurus/.m2/repository/org/springframework/data/spring-data-redis/2.4.5/spring-data-redis-2.4.5.jar:/home/pranosaurus/.m2/repository/org/springframework/data/spring-data-keyvalue/2.4.5/spring-data-keyvalue-2.4.5.jar:/home/pranosaurus/.m2/repository/org/springframework/spring-oxm/5.3.4/spring-oxm-5.3.4.jar:/home/pranosaurus/.m2/repository/io/lettuce/lettuce-core/6.0.2.RELEASE/lettuce-core-6.0.2.RELEASE.jar:/home/pranosaurus/.m2/repository/io/netty/netty-common/4.1.56.Final/netty-common-4.1.56.Final.jar:/home/pranosaurus/.m2/repository/io/netty/netty-handler/4.1.56.Final/netty-handler-4.1.56.Final.jar:/home/pranosaurus/.m2/repository/io/netty/netty-resolver/4.1.56.Final/netty-resolver-4.1.56.Final.jar:/home/pranosaurus/.m2/repository/io/netty/netty-buffer/4.1.56.Final/netty-buffer-4.1.56.Final.jar:/home/pranosaurus/.m2/repository/io/netty/netty-codec/4.1.56.Final/netty-codec-4.1.56.Final.jar:/home/pranosaurus/.m2/repository/io/netty/netty-transport/4.1.56.Final/netty-transport-4.1.56.Final.jar:/home/pranosaurus/.m2/repository/io/projectreactor/reactor-core/3.3.13.RELEASE/reactor-core-3.3.13.RELEASE.jar:/home/pranosaurus/.m2/repository/org/reactivestreams/reactive-streams/1.0.3/reactive-streams-1.0.3.jar:/home/pranosaurus/.m2/repository/org/springframework/kafka/spring-kafka/3.1.1/spring-kafka-3.1.1.jar:/home/pranosaurus/.m2/repository/org/springframework/spring-context/6.1.2/spring-context-6.1.2.jar:/home/pranosaurus/.m2/repository/org/springframework/spring-messaging/6.1.2/spring-messaging-6.1.2.jar:/home/pranosaurus/.m2/repository/org/springframework/spring-tx/6.1.2/spring-tx-6.1.2.jar:/home/pranosaurus/.m2/repository/org/springframework/retry/spring-retry/2.0.5/spring-retry-2.0.5.jar:/home/pranosaurus/.m2/repository/org/apache/kafka/kafka-clients/3.6.1/kafka-clients-3.6.1.jar:/home/pranosaurus/.m2/repository/com/github/luben/zstd-jni/1.5.5-1/zstd-jni-1.5.5-1.jar:/home/pranosaurus/.m2/repository/org/lz4/lz4-java/1.8.0/lz4-java-1.8.0.jar:/home/pranosaurus/.m2/repository/org/xerial/snappy/snappy-java/1.1.10.5/snappy-java-1.1.10.5.jar:/home/pranosaurus/.m2/repository/io/micrometer/micrometer-observation/1.12.1/micrometer-observation-1.12.1.jar:/home/pranosaurus/.m2/repository/io/micrometer/micrometer-commons/1.12.1/micrometer-commons-1.12.1.jar:/home/pranosaurus/.m2/repository/com/google/code/findbugs/jsr305/3.0.2/jsr305-3.0.2.jar:/home/pranosaurus/.m2/repository/org/springframework/boot/spring-boot-starter-security/3.2.1/spring-boot-starter-security-3.2.1.jar:/home/pranosaurus/.m2/repository/org/springframework/spring-aop/6.1.2/spring-aop-6.1.2.jar:/home/pranosaurus/.m2/repository/org/springframework/security/spring-security-web/6.2.1/spring-security-web-6.2.1.jar:/home/pranosaurus/.m2/repository/io/rest-assured/rest-assured/4.3.3/rest-assured-4.3.3.jar:/home/pranosaurus/.m2/repository/org/codehaus/groovy/groovy/3.0.7/groovy-3.0.7.jar:/home/pranosaurus/.m2/repository/org/codehaus/groovy/groovy-xml/3.0.7/groovy-xml-3.0.7.jar:/home/pranosaurus/.m2/repository/org/apache/httpcomponents/httpclient/4.5.3/httpclient-4.5.3.jar:/home/pranosaurus/.m2/repository/org/apache/httpcomponents/httpcore/4.4.6/httpcore-4.4.6.jar:/home/pranosaurus/.m2/repository/commons-logging/commons-logging/1.2/commons-logging-1.2.jar:/home/pranosaurus/.m2/repository/commons-codec/commons-codec/1.9/commons-codec-1.9.jar:/home/pranosaurus/.m2/repository/org/apache/httpcomponents/httpmime/4.5.3/httpmime-4.5.3.jar:/home/pranosaurus/.m2/repository/org/hamcrest/hamcrest/2.1/hamcrest-2.1.jar:/home/pranosaurus/.m2/repository/org/ccil/cowan/tagsoup/tagsoup/1.2.1/tagsoup-1.2.1.jar:/home/pranosaurus/.m2/repository/io/rest-assured/json-path/4.3.3/json-path-4.3.3.jar:/home/pranosaurus/.m2/repository/org/codehaus/groovy/groovy-json/3.0.7/groovy-json-3.0.7.jar:/home/pranosaurus/.m2/repository/io/rest-assured/rest-assured-common/4.3.3/rest-assured-common-4.3.3.jar:/home/pranosaurus/.m2/repository/io/rest-assured/xml-path/4.3.3/xml-path-4.3.3.jar:/home/pranosaurus/.m2/repository/org/apache/commons/commons-lang3/3.11/commons-lang3-3.11.jar:/home/pranosaurus/.m2/repository/com/sun/xml/bind/jaxb-impl/2.3.3/jaxb-impl-2.3.3.jar:/home/pranosaurus/.m2/repository/org/testcontainers/postgresql/1.19.3/postgresql-1.19.3.jar:/home/pranosaurus/.m2/repository/org/testcontainers/jdbc/1.19.3/jdbc-1.19.3.jar:/home/pranosaurus/.m2/repository/org/testcontainers/database-commons/1.19.3/database-commons-1.19.3.jar:/home/pranosaurus/.m2/repository/org/testcontainers/junit-jupiter/1.19.3/junit-jupiter-1.19.3.jar:/home/pranosaurus/.m2/repository/org/testcontainers/testcontainers/1.19.3/testcontainers-1.19.3.jar:/home/pranosaurus/.m2/repository/org/apache/commons/commons-compress/1.24.0/commons-compress-1.24.0.jar:/home/pranosaurus/.m2/repository/org/rnorth/duct-tape/duct-tape/1.0.8/duct-tape-1.0.8.jar:/home/pranosaurus/.m2/repository/org/jetbrains/annotations/17.0.0/annotations-17.0.0.jar:/home/pranosaurus/.m2/repository/com/github/docker-java/docker-java-api/3.3.4/docker-java-api-3.3.4.jar:/home/pranosaurus/.m2/repository/com/github/docker-java/docker-java-transport-zerodep/3.3.4/docker-java-transport-zerodep-3.3.4.jar:/home/pranosaurus/.m2/repository/com/github/docker-java/docker-java-transport/3.3.4/docker-java-transport-3.3.4.jar:/home/pranosaurus/.m2/repository/net/java/dev/jna/jna/5.13.0/jna-5.13.0.jar:/home/pranosaurus/.m2/repository/org/springframework/boot/spring-boot-test/3.2.1/spring-boot-test-3.2.1.jar:/home/pranosaurus/.m2/repository/org/springframework/boot/spring-boot/3.2.1/spring-boot-3.2.1.jar:/home/pranosaurus/.m2/repository/org/springframework/security/spring-security-test/6.2.1/spring-security-test-6.2.1.jar:/home/pranosaurus/.m2/repository/org/springframework/spring-core/6.1.2/spring-core-6.1.2.jar:/home/pranosaurus/.m2/repository/org/springframework/spring-jcl/6.1.2/spring-jcl-6.1.2.jar:/home/pranosaurus/.m2/repository/org/springframework/spring-test/6.1.2/spring-test-6.1.2.jar:"/>
    <property name="sun.cpu.endian" value="little"/>
    <property name="user.home" value="/home/pranosaurus"/>
    <property name="user.language" value="en"/>
    <property name="java.specification.vendor" value="Oracle Corporation"/>
    <property name="java.version.date" value="2023-07-18"/>
    <property name="java.home" value="/usr/lib/jvm/jdk-20"/>
    <property name="file.separator" value="/"/>
    <property name="basedir" value="/home/pranosaurus/projects/Spring_CI_CD_Pipeline/api-test-monolith"/>
    <property name="java.vm.compressedOopsMode" value="32-bit"/>
    <property name="line.separator" value="&#10;"/>
    <property name="java.vm.specification.vendor" value="Oracle Corporation"/>
    <property name="java.specification.name" value="Java Platform API Specification"/>
    <property name="surefire.real.class.path" value="/home/pranosaurus/projects/Spring_CI_CD_Pipeline/api-test-monolith/target/surefire/surefirebooter-20240105211154072_3.jar"/>
    <property name="sun.management.compiler" value="HotSpot 64-Bit Tiered Compilers"/>
    <property name="java.runtime.version" value="20.0.2+9-78"/>
    <property name="user.name" value="pranosaurus"/>
    <property name="stdout.encoding" value="UTF-8"/>
    <property name="path.separator" value=":"/>
    <property name="os.version" value="5.4.72-microsoft-standard-WSL2"/>
    <property name="java.runtime.name" value="Java(TM) SE Runtime Environment"/>
    <property name="file.encoding" value="UTF-8"/>
    <property name="java.vm.name" value="Java HotSpot(TM) 64-Bit Server VM"/>
    <property name="localRepository" value="/home/pranosaurus/.m2/repository"/>
    <property name="java.vendor.url.bug" value="https://bugreport.java.com/bugreport/"/>
    <property name="java.io.tmpdir" value="/tmp"/>
    <property name="java.version" value="20.0.2"/>
    <property name="user.dir" value="/home/pranosaurus/projects/Spring_CI_CD_Pipeline/api-test-monolith"/>
    <property name="os.arch" value="amd64"/>
    <property name="java.vm.specification.name" value="Java Virtual Machine Specification"/>
    <property name="native.encoding" value="UTF-8"/>
    <property name="java.library.path" value="/usr/java/packages/lib:/usr/lib64:/lib64:/lib:/usr/lib"/>
    <property name="stderr.encoding" value="UTF-8"/>
    <property name="java.vm.info" value="mixed mode, sharing"/>
    <property name="java.vendor" value="Oracle Corporation"/>
    <property name="java.vm.version" value="20.0.2+9-78"/>
    <property name="sun.io.unicode.encoding" value="UnicodeLittle"/>
    <property name="java.class.version" value="64.0"/>
  </properties>
  <testcase name="shouldReturnAllCustomers" classname="com.compressibleflowcalculator.PostgresTest" time="0.004">
    <error message="Cannot invoke &quot;com.compressibleflowcalculator.Repository.GroupRepository.saveAll(java.lang.Iterable)&quot; because &quot;this.customerRepository&quot; is null" type="java.lang.NullPointerException"><![CDATA[java.lang.NullPointerException: Cannot invoke "com.compressibleflowcalculator.Repository.GroupRepository.saveAll(java.lang.Iterable)" because "this.customerRepository" is null
	at com.compressibleflowcalculator.PostgresTest.shouldReturnAllCustomers(PostgresTest.java:89)
	at java.base/jdk.internal.reflect.DirectMethodHandleAccessor.invoke(DirectMethodHandleAccessor.java:104)
	at java.base/java.lang.reflect.Method.invoke(Method.java:578)
	at org.junit.runners.model.FrameworkMethod$1.runReflectiveCall(FrameworkMethod.java:47)
	at org.junit.internal.runners.model.ReflectiveCallable.run(ReflectiveCallable.java:12)
	at org.junit.runners.model.FrameworkMethod.invokeExplosively(FrameworkMethod.java:44)
	at org.junit.internal.runners.statements.InvokeMethod.evaluate(InvokeMethod.java:17)
	at org.junit.internal.runners.statements.RunBefores.evaluate(RunBefores.java:26)
	at org.junit.runners.ParentRunner.runLeaf(ParentRunner.java:271)
	at org.junit.runners.BlockJUnit4ClassRunner.runChild(BlockJUnit4ClassRunner.java:70)
	at org.junit.runners.BlockJUnit4ClassRunner.runChild(BlockJUnit4ClassRunner.java:50)
	at org.junit.runners.ParentRunner$3.run(ParentRunner.java:238)
	at org.junit.runners.ParentRunner$1.schedule(ParentRunner.java:63)
	at org.junit.runners.ParentRunner.runChildren(ParentRunner.java:236)
	at org.junit.runners.ParentRunner.access$000(ParentRunner.java:53)
	at org.junit.runners.ParentRunner$2.evaluate(ParentRunner.java:229)
	at org.junit.internal.runners.statements.RunBefores.evaluate(RunBefores.java:26)
	at org.junit.internal.runners.statements.RunAfters.evaluate(RunAfters.java:27)
	at org.junit.runners.ParentRunner.run(ParentRunner.java:309)
	at org.apache.maven.surefire.junit4.JUnit4Provider.execute(JUnit4Provider.java:316)
	at org.apache.maven.surefire.junit4.JUnit4Provider.executeWithRerun(JUnit4Provider.java:240)
	at org.apache.maven.surefire.junit4.JUnit4Provider.executeTestSet(JUnit4Provider.java:214)
	at org.apache.maven.surefire.junit4.JUnit4Provider.invoke(JUnit4Provider.java:155)
	at org.apache.maven.surefire.booter.ForkedBooter.runSuitesInProcess(ForkedBooter.java:385)
	at org.apache.maven.surefire.booter.ForkedBooter.execute(ForkedBooter.java:162)
	at org.apache.maven.surefire.booter.ForkedBooter.run(ForkedBooter.java:507)
	at org.apache.maven.surefire.booter.ForkedBooter.main(ForkedBooter.java:495)
]]></error>
    <system-out><![CDATA[21:11:54.836 [main] INFO org.testcontainers.images.PullPolicy -- Image pull policy will be performed by: DefaultPullPolicy()
21:11:54.844 [main] INFO org.testcontainers.utility.ImageNameSubstitutor -- Image name substitution will be performed by: DefaultImageNameSubstitutor (composite of 'ConfigurationFileImageNameSubstitutor' and 'PrefixingImageNameSubstitutor')
21:11:55.242 [main] INFO org.testcontainers.dockerclient.DockerClientProviderStrategy -- Loaded org.testcontainers.dockerclient.UnixSocketClientProviderStrategy from ~/.testcontainers.properties, will try it first
21:11:55.572 [main] INFO org.testcontainers.dockerclient.DockerClientProviderStrategy -- Found Docker environment with local Unix socket (unix:///var/run/docker.sock)
21:11:55.574 [main] INFO org.testcontainers.DockerClientFactory -- Docker host IP address is localhost
21:11:55.598 [main] INFO org.testcontainers.DockerClientFactory -- Connected to docker: 
  Server Version: 24.0.6
  API Version: 1.43
  Operating System: Ubuntu 20.04.2 LTS
  Total Memory: 7886 MB
21:11:55.780 [main] INFO tc.testcontainers/ryuk:0.5.1 -- Creating container for image: testcontainers/ryuk:0.5.1
21:11:56.180 [main] INFO tc.testcontainers/ryuk:0.5.1 -- Container testcontainers/ryuk:0.5.1 is starting: 85ff00c8531a72afe8120421d752b9ba137efcae2555f7f53336ba0342018e51
21:11:56.619 [main] INFO tc.testcontainers/ryuk:0.5.1 -- Container testcontainers/ryuk:0.5.1 started in PT0.8389161S
21:11:56.626 [main] INFO org.testcontainers.utility.RyukResourceReaper -- Ryuk started - will monitor and terminate Testcontainers containers on JVM exit
21:11:56.626 [main] INFO org.testcontainers.DockerClientFactory -- Checking the system...
21:11:56.627 [main] INFO org.testcontainers.DockerClientFactory -- ✔︎ Docker server version should be at least 1.6.0
21:11:56.628 [main] INFO tc.postgres:15-alpine -- Creating container for image: postgres:15-alpine
21:11:56.698 [main] INFO tc.postgres:15-alpine -- Container postgres:15-alpine is starting: 89579e611c83c07676faf102cf408e05226daf09edc51345a46ec8219273f667
21:11:58.508 [main] INFO tc.postgres:15-alpine -- Container postgres:15-alpine started in PT1.8795305S
21:11:58.508 [main] INFO tc.postgres:15-alpine -- Container is started (JDBC URL: jdbc:postgresql://localhost:32783/test?loggerLevel=OFF)
null
]]></system-out>
  </testcase>
</testsuite>